<?xml version="1.0" encoding="UTF-8"?>
<testng-results ignored="0" total="1" passed="1" failed="0" skipped="0">
  <reporter-output>
  </reporter-output>
  <suite started-at="2021-11-17T14:59:57Z" name="Default suite" finished-at="2021-11-17T15:00:29Z" duration-ms="32671">
    <groups>
    </groups>
    <test started-at="2021-11-17T14:59:57Z" name="Default test" finished-at="2021-11-17T15:00:29Z" duration-ms="32671">
      <class name="tests.basic.PageObjectCode">
        <test-method is-config="true" signature="init()[pri:0, instance:tests.basic.PageObjectCode@38e79ae3]" started-at="2021-11-17T14:59:57Z" name="init" finished-at="2021-11-17T14:59:59Z" duration-ms="2529" status="PASS">
          <reporter-output>
          </reporter-output>
        </test-method> <!-- init -->
        <test-method signature="test()[pri:0, instance:tests.basic.PageObjectCode@38e79ae3]" started-at="2021-11-17T14:59:59Z" name="test" finished-at="2021-11-17T15:00:29Z" duration-ms="29897" status="PASS">
          <reporter-output>
          </reporter-output>
        </test-method> <!-- test -->
        <test-method is-config="true" signature="tearDown()[pri:0, instance:tests.basic.PageObjectCode@38e79ae3]" started-at="2021-11-17T15:00:29Z" name="tearDown" finished-at="2021-11-17T15:00:29Z" duration-ms="217" status="PASS">
          <reporter-output>
          </reporter-output>
        </test-method> <!-- tearDown -->
      </class> <!-- tests.basic.PageObjectCode -->
    </test> <!-- Default test -->
  </suite> <!-- Default suite -->
</testng-results>
