<?xml version="1.0" encoding="UTF-8"?>
<testng-results ignored="0" total="1" passed="1" failed="0" skipped="0">
  <reporter-output>
  </reporter-output>
  <suite started-at="2021-11-08T21:42:40Z" name="Default suite" finished-at="2021-11-08T21:42:53Z" duration-ms="12685">
    <groups>
    </groups>
    <test started-at="2021-11-08T21:42:40Z" name="Default test" finished-at="2021-11-08T21:42:53Z" duration-ms="12685">
      <class name="tests.basic.LinearOldCode">
        <test-method is-config="true" signature="init()[pri:0, instance:tests.basic.LinearOldCode@63070bab]" started-at="2021-11-08T21:42:40Z" name="init" finished-at="2021-11-08T21:42:41Z" duration-ms="1512" status="PASS">
          <reporter-output>
          </reporter-output>
        </test-method> <!-- init -->
        <test-method signature="test()[pri:0, instance:tests.basic.LinearOldCode@63070bab]" started-at="2021-11-08T21:42:41Z" name="test" finished-at="2021-11-08T21:42:52Z" duration-ms="10904" status="PASS">
          <reporter-output>
          </reporter-output>
        </test-method> <!-- test -->
        <test-method is-config="true" signature="tearDown()[pri:0, instance:tests.basic.LinearOldCode@63070bab]" started-at="2021-11-08T21:42:52Z" name="tearDown" finished-at="2021-11-08T21:42:53Z" duration-ms="247" status="PASS">
          <reporter-output>
          </reporter-output>
        </test-method> <!-- tearDown -->
      </class> <!-- tests.basic.LinearOldCode -->
    </test> <!-- Default test -->
  </suite> <!-- Default suite -->
</testng-results>
